---------------------------------------------------------------
[ 2021-11-09T10:19:21+08:00 ] 127.0.0.1 POST www.fastadmin.com/admin/index/getList
[运行时间：0.368427s] [吞吐率：2.71req/s] [内存消耗：2,388.55kb] [文件加载：119]
[ info ] [ BEHAVIOR ] Run Closure @app_init [ RunTime:0.000017s ]
[ info ] [ CACHE ] INIT File
[ info ] [ BEHAVIOR ] Run Closure @app_init [ RunTime:0.002409s ]
[ info ] [ LANG ] /Users/mima0000/www/fastadmin/thinkphp/lang/zh-cn.php
[ info ] [ BEHAVIOR ] Run app\common\behavior\Common @app_dispatch [ RunTime:0.000225s ]
[ info ] [ ROUTE ] array (
  'type' => 'module',
  'module' => 
  array (
    0 => 'admin',
    1 => 'index',
    2 => 'getList',
  ),
)
[ info ] [ HEADER ] array (
  'content-length' => '0',
  'cookie' => 'PHPSESSID=all9f1bppmvcaqcrfngt00nr6c',
  'connection' => 'keep-alive',
  'accept-encoding' => 'gzip, deflate, br',
  'host' => 'www.fastadmin.com',
  'postman-token' => 'c8cd91f8-22c8-4288-954d-27954e650829',
  'accept' => '*/*',
  'user-agent' => 'PostmanRuntime/7.28.4',
  'content-type' => '',
)
[ info ] [ PARAM ] array (
)
[ info ] [ LANG ] /Users/mima0000/www/fastadmin/public/../application/admin/lang/zh-cn.php
[ info ] [ BEHAVIOR ] Run app\common\behavior\Common @module_init [ RunTime:0.001048s ]
[ info ] [ RUN ] app\admin\controller\Index->getList[ /Users/mima0000/www/fastadmin/application/admin/controller/Index.php ]
[ info ] [ LOG ] INIT File
---------------------------------------------------------------
[ 2021-11-09T10:21:29+08:00 ] 127.0.0.1 POST www.fastadmin.com/admin/index/getList
[运行时间：0.335045s] [吞吐率：2.98req/s] [内存消耗：2,391.24kb] [文件加载：119]
[ info ] [ BEHAVIOR ] Run Closure @app_init [ RunTime:0.000267s ]
[ info ] [ CACHE ] INIT File
[ info ] [ BEHAVIOR ] Run Closure @app_init [ RunTime:0.001725s ]
[ info ] [ LANG ] /Users/mima0000/www/fastadmin/thinkphp/lang/zh-cn.php
[ info ] [ BEHAVIOR ] Run app\common\behavior\Common @app_dispatch [ RunTime:0.000290s ]
[ info ] [ ROUTE ] array (
  'type' => 'module',
  'module' => 
  array (
    0 => 'admin',
    1 => 'index',
    2 => 'getList',
  ),
)
[ info ] [ HEADER ] array (
  'content-length' => '0',
  'cookie' => 'PHPSESSID=all9f1bppmvcaqcrfngt00nr6c',
  'connection' => 'keep-alive',
  'accept-encoding' => 'gzip, deflate, br',
  'host' => 'www.fastadmin.com',
  'postman-token' => '816f72e4-fdd5-4288-b3f0-5afb7672f6f3',
  'accept' => '*/*',
  'user-agent' => 'PostmanRuntime/7.28.4',
  'content-type' => '',
)
[ info ] [ PARAM ] array (
)
[ info ] [ LANG ] /Users/mima0000/www/fastadmin/public/../application/admin/lang/zh-cn.php
[ info ] [ BEHAVIOR ] Run app\common\behavior\Common @module_init [ RunTime:0.001627s ]
[ info ] [ RUN ] app\admin\controller\Index->getList[ /Users/mima0000/www/fastadmin/application/admin/controller/Index.php ]
[ info ] [ LOG ] INIT File
---------------------------------------------------------------
[ 2021-11-09T10:26:52+08:00 ] 127.0.0.1 POST www.fastadmin.com/admin/index/getList
[运行时间：0.385174s] [吞吐率：2.60req/s] [内存消耗：2,473.88kb] [文件加载：125]
[ info ] [ BEHAVIOR ] Run Closure @app_init [ RunTime:0.000025s ]
[ info ] [ CACHE ] INIT File
[ info ] [ BEHAVIOR ] Run Closure @app_init [ RunTime:0.001041s ]
[ info ] [ LANG ] /Users/mima0000/www/fastadmin/thinkphp/lang/zh-cn.php
[ info ] [ BEHAVIOR ] Run app\common\behavior\Common @app_dispatch [ RunTime:0.000224s ]
[ info ] [ ROUTE ] array (
  'type' => 'module',
  'module' => 
  array (
    0 => 'admin',
    1 => 'index',
    2 => 'getList',
  ),
)
[ info ] [ HEADER ] array (
  'content-length' => '0',
  'cookie' => 'PHPSESSID=all9f1bppmvcaqcrfngt00nr6c',
  'connection' => 'keep-alive',
  'accept-encoding' => 'gzip, deflate, br',
  'host' => 'www.fastadmin.com',
  'postman-token' => 'dcd7e6ad-0a53-44c7-9ba5-a0e6c5afab0b',
  'accept' => '*/*',
  'user-agent' => 'PostmanRuntime/7.28.4',
  'content-type' => '',
)
[ info ] [ PARAM ] array (
)
[ info ] [ LANG ] /Users/mima0000/www/fastadmin/public/../application/admin/lang/zh-cn.php
[ info ] [ BEHAVIOR ] Run app\common\behavior\Common @module_init [ RunTime:0.005914s ]
[ info ] [ RUN ] app\admin\controller\Index->getList[ /Users/mima0000/www/fastadmin/application/admin/controller/Index.php ]
[ info ] [ LOG ] INIT File
[ error ] [8]Trying to get property 'ErrorCode' of non-object[/Users/mima0000/www/fastadmin/application/admin/controller/Index.php:173]
---------------------------------------------------------------
[ 2021-11-09T10:28:25+08:00 ] 127.0.0.1 POST www.fastadmin.com/admin/index/getList
[运行时间：0.349369s] [吞吐率：2.86req/s] [内存消耗：2,473.88kb] [文件加载：125]
[ info ] [ BEHAVIOR ] Run Closure @app_init [ RunTime:0.000034s ]
[ info ] [ CACHE ] INIT File
[ info ] [ BEHAVIOR ] Run Closure @app_init [ RunTime:0.002661s ]
[ info ] [ LANG ] /Users/mima0000/www/fastadmin/thinkphp/lang/zh-cn.php
[ info ] [ BEHAVIOR ] Run app\common\behavior\Common @app_dispatch [ RunTime:0.000460s ]
[ info ] [ ROUTE ] array (
  'type' => 'module',
  'module' => 
  array (
    0 => 'admin',
    1 => 'index',
    2 => 'getList',
  ),
)
[ info ] [ HEADER ] array (
  'content-length' => '0',
  'cookie' => 'PHPSESSID=all9f1bppmvcaqcrfngt00nr6c',
  'connection' => 'keep-alive',
  'accept-encoding' => 'gzip, deflate, br',
  'host' => 'www.fastadmin.com',
  'postman-token' => '3f67d318-2271-4fd6-9db0-0ada4da90385',
  'accept' => '*/*',
  'user-agent' => 'PostmanRuntime/7.28.4',
  'content-type' => '',
)
[ info ] [ PARAM ] array (
)
[ info ] [ LANG ] /Users/mima0000/www/fastadmin/public/../application/admin/lang/zh-cn.php
[ info ] [ BEHAVIOR ] Run app\common\behavior\Common @module_init [ RunTime:0.002329s ]
[ info ] [ RUN ] app\admin\controller\Index->getList[ /Users/mima0000/www/fastadmin/application/admin/controller/Index.php ]
[ info ] [ LOG ] INIT File
[ error ] [2]Illegal string offset 'ErrorCode'[/Users/mima0000/www/fastadmin/application/admin/controller/Index.php:173]
---------------------------------------------------------------
[ 2021-11-09T10:28:56+08:00 ] 127.0.0.1 POST www.fastadmin.com/admin/index/getList
[运行时间：0.229296s] [吞吐率：4.36req/s] [内存消耗：2,471.88kb] [文件加载：124]
[ info ] [ BEHAVIOR ] Run Closure @app_init [ RunTime:0.000029s ]
[ info ] [ CACHE ] INIT File
[ info ] [ BEHAVIOR ] Run Closure @app_init [ RunTime:0.001162s ]
[ info ] [ LANG ] /Users/mima0000/www/fastadmin/thinkphp/lang/zh-cn.php
[ info ] [ BEHAVIOR ] Run app\common\behavior\Common @app_dispatch [ RunTime:0.000196s ]
[ info ] [ ROUTE ] array (
  'type' => 'module',
  'module' => 
  array (
    0 => 'admin',
    1 => 'index',
    2 => 'getList',
  ),
)
[ info ] [ HEADER ] array (
  'content-length' => '0',
  'cookie' => 'PHPSESSID=all9f1bppmvcaqcrfngt00nr6c',
  'connection' => 'keep-alive',
  'accept-encoding' => 'gzip, deflate, br',
  'host' => 'www.fastadmin.com',
  'postman-token' => 'e61e9006-0a85-4358-b1c8-21f760cf1ac3',
  'accept' => '*/*',
  'user-agent' => 'PostmanRuntime/7.28.4',
  'content-type' => '',
)
[ info ] [ PARAM ] array (
)
[ info ] [ LANG ] /Users/mima0000/www/fastadmin/public/../application/admin/lang/zh-cn.php
[ info ] [ BEHAVIOR ] Run app\common\behavior\Common @module_init [ RunTime:0.001865s ]
[ info ] [ RUN ] app\admin\controller\Index->getList[ /Users/mima0000/www/fastadmin/application/admin/controller/Index.php ]
[ info ] [ LOG ] INIT File
[ error ] [0]致命错误: Cannot use object of type stdClass as array[/Users/mima0000/www/fastadmin/application/admin/controller/Index.php:174]
---------------------------------------------------------------
[ 2021-11-09T10:30:44+08:00 ] 127.0.0.1 POST www.fastadmin.com/admin/index/getList
[运行时间：0.382839s] [吞吐率：2.61req/s] [内存消耗：2,391.30kb] [文件加载：119]
[ info ] [ BEHAVIOR ] Run Closure @app_init [ RunTime:0.000026s ]
[ info ] [ CACHE ] INIT File
[ info ] [ BEHAVIOR ] Run Closure @app_init [ RunTime:0.002846s ]
[ info ] [ LANG ] /Users/mima0000/www/fastadmin/thinkphp/lang/zh-cn.php
[ info ] [ BEHAVIOR ] Run app\common\behavior\Common @app_dispatch [ RunTime:0.000665s ]
[ info ] [ ROUTE ] array (
  'type' => 'module',
  'module' => 
  array (
    0 => 'admin',
    1 => 'index',
    2 => 'getList',
  ),
)
[ info ] [ HEADER ] array (
  'content-length' => '0',
  'cookie' => 'PHPSESSID=all9f1bppmvcaqcrfngt00nr6c',
  'connection' => 'keep-alive',
  'accept-encoding' => 'gzip, deflate, br',
  'host' => 'www.fastadmin.com',
  'postman-token' => '0f0280a9-1999-4235-8282-6c8f86203cae',
  'accept' => '*/*',
  'user-agent' => 'PostmanRuntime/7.28.4',
  'content-type' => '',
)
[ info ] [ PARAM ] array (
)
[ info ] [ LANG ] /Users/mima0000/www/fastadmin/public/../application/admin/lang/zh-cn.php
[ info ] [ BEHAVIOR ] Run app\common\behavior\Common @module_init [ RunTime:0.001565s ]
[ info ] [ RUN ] app\admin\controller\Index->getList[ /Users/mima0000/www/fastadmin/application/admin/controller/Index.php ]
[ info ] [ LOG ] INIT File
---------------------------------------------------------------
[ 2021-11-09T11:04:05+08:00 ] 127.0.0.1 POST www.fastadmin.com/admin/index/getList
[运行时间：0.032600s] [吞吐率：30.67req/s] [内存消耗：2,404.87kb] [文件加载：122]
[ info ] [ BEHAVIOR ] Run Closure @app_init [ RunTime:0.000017s ]
[ info ] [ CACHE ] INIT File
[ info ] [ BEHAVIOR ] Run Closure @app_init [ RunTime:0.001112s ]
[ info ] [ LANG ] /Users/mima0000/www/fastadmin/thinkphp/lang/zh-cn.php
[ info ] [ BEHAVIOR ] Run app\common\behavior\Common @app_dispatch [ RunTime:0.000943s ]
[ info ] [ ROUTE ] array (
  'type' => 'module',
  'module' => 
  array (
    0 => 'admin',
    1 => 'index',
    2 => 'getList',
  ),
)
[ info ] [ HEADER ] array (
  'content-length' => '0',
  'cookie' => 'PHPSESSID=all9f1bppmvcaqcrfngt00nr6c',
  'connection' => 'keep-alive',
  'accept-encoding' => 'gzip, deflate, br',
  'host' => 'www.fastadmin.com',
  'postman-token' => '3f281b78-9bf3-40dc-9f7b-4be4774824a5',
  'accept' => '*/*',
  'user-agent' => 'PostmanRuntime/7.28.4',
  'content-type' => '',
)
[ info ] [ PARAM ] array (
)
[ info ] [ LANG ] /Users/mima0000/www/fastadmin/public/../application/admin/lang/zh-cn.php
[ info ] [ BEHAVIOR ] Run app\common\behavior\Common @module_init [ RunTime:0.001504s ]
[ info ] [ LOG ] INIT File
[ error ] [0]语法解析错误: syntax error, unexpected ')', expecting identifier (T_STRING) or variable (T_VARIABLE) or '{' or '$'[/Users/mima0000/www/fastadmin/application/admin/controller/Index.php:176]
---------------------------------------------------------------
[ 2021-11-09T11:04:27+08:00 ] 127.0.0.1 POST www.fastadmin.com/admin/index/getList
[运行时间：0.330501s] [吞吐率：3.03req/s] [内存消耗：2,383.97kb] [文件加载：119]
[ info ] [ BEHAVIOR ] Run Closure @app_init [ RunTime:0.000032s ]
[ info ] [ CACHE ] INIT File
[ info ] [ BEHAVIOR ] Run Closure @app_init [ RunTime:0.002096s ]
[ info ] [ LANG ] /Users/mima0000/www/fastadmin/thinkphp/lang/zh-cn.php
[ info ] [ BEHAVIOR ] Run app\common\behavior\Common @app_dispatch [ RunTime:0.000865s ]
[ info ] [ ROUTE ] array (
  'type' => 'module',
  'module' => 
  array (
    0 => 'admin',
    1 => 'index',
    2 => 'getList',
  ),
)
[ info ] [ HEADER ] array (
  'content-length' => '0',
  'cookie' => 'PHPSESSID=all9f1bppmvcaqcrfngt00nr6c',
  'connection' => 'keep-alive',
  'accept-encoding' => 'gzip, deflate, br',
  'host' => 'www.fastadmin.com',
  'postman-token' => '8c393dab-9af0-4280-8e52-8b7c532db6af',
  'accept' => '*/*',
  'user-agent' => 'PostmanRuntime/7.28.4',
  'content-type' => '',
)
[ info ] [ PARAM ] array (
)
[ info ] [ LANG ] /Users/mima0000/www/fastadmin/public/../application/admin/lang/zh-cn.php
[ info ] [ BEHAVIOR ] Run app\common\behavior\Common @module_init [ RunTime:0.001316s ]
[ info ] [ RUN ] app\admin\controller\Index->getList[ /Users/mima0000/www/fastadmin/application/admin/controller/Index.php ]
[ info ] [ LOG ] INIT File
---------------------------------------------------------------
[ 2021-11-09T11:08:28+08:00 ] 127.0.0.1 POST www.fastadmin.com/admin/index/getList
[运行时间：0.343386s] [吞吐率：2.91req/s] [内存消耗：2,391.34kb] [文件加载：119]
[ info ] [ BEHAVIOR ] Run Closure @app_init [ RunTime:0.000030s ]
[ info ] [ CACHE ] INIT File
[ info ] [ BEHAVIOR ] Run Closure @app_init [ RunTime:0.002541s ]
[ info ] [ LANG ] /Users/mima0000/www/fastadmin/thinkphp/lang/zh-cn.php
[ info ] [ BEHAVIOR ] Run app\common\behavior\Common @app_dispatch [ RunTime:0.000248s ]
[ info ] [ ROUTE ] array (
  'type' => 'module',
  'module' => 
  array (
    0 => 'admin',
    1 => 'index',
    2 => 'getList',
  ),
)
[ info ] [ HEADER ] array (
  'content-length' => '0',
  'cookie' => 'PHPSESSID=all9f1bppmvcaqcrfngt00nr6c',
  'connection' => 'keep-alive',
  'accept-encoding' => 'gzip, deflate, br',
  'host' => 'www.fastadmin.com',
  'postman-token' => '114579a2-012c-484b-9489-20ae9ab238bf',
  'accept' => '*/*',
  'user-agent' => 'PostmanRuntime/7.28.4',
  'content-type' => '',
)
[ info ] [ PARAM ] array (
)
[ info ] [ LANG ] /Users/mima0000/www/fastadmin/public/../application/admin/lang/zh-cn.php
[ info ] [ BEHAVIOR ] Run app\common\behavior\Common @module_init [ RunTime:0.002369s ]
[ info ] [ RUN ] app\admin\controller\Index->getList[ /Users/mima0000/www/fastadmin/application/admin/controller/Index.php ]
[ info ] [ LOG ] INIT File
